2025-08-24 14:23:19,015 - INFO - ✅ Schemas and audit tables ready
2025-08-24 14:23:19,168 - INFO - ✅ silver.drivers_base created with 50000 rows
2025-08-24 14:23:19,371 - INFO - ✅ silver.vehicles_base created with 50000 rows
2025-08-24 14:23:19,616 - INFO - ✅ silver.riders_base created with 75000 rows
2025-08-24 14:23:19,853 - INFO - ✅ silver.trips_base created with 75000 rows
2025-08-24 14:23:20,101 - INFO - ✅ silver.payments_base created with 75000 rows
2025-08-24 14:23:20,185 - INFO - ✅ drivers.pk_unique passed
2025-08-24 14:23:20,242 - INFO - ✅ drivers.email_format passed
2025-08-24 14:23:20,250 - INFO - ✅ vehicles.pk_unique passed
2025-08-24 14:23:20,271 - INFO - ✅ vehicles.fk_driver passed
2025-08-24 14:23:20,285 - INFO - ✅ riders.pk_unique passed
2025-08-24 14:23:20,369 - INFO - ✅ riders.email_format passed
2025-08-24 14:23:20,384 - INFO - ✅ trips.pk_unique passed
2025-08-24 14:23:20,421 - INFO - ✅ trips.fk_rider passed
2025-08-24 14:23:20,451 - INFO - ✅ trips.fk_driver passed
2025-08-24 14:23:20,483 - INFO - ✅ trips.fk_vehicle passed
2025-08-24 14:23:20,683 - INFO - ✅ payments.pk_unique passed
2025-08-24 14:23:20,720 - INFO - ✅ payments.fk_trip passed
2025-08-24 14:23:20,728 - WARNING - ❌ payments.positive_amount failed (12968 bad rows)
2025-08-24 14:23:20,734 - INFO - 🎉 Silver pipeline completed
2025-08-24 14:31:52,213 - INFO - 🥈 MEDALLION SILVER LAYER - BUILDER STARTED
2025-08-24 14:31:52,277 - INFO - Setting up Silver and Audit schemas...
2025-08-24 14:31:52,303 - INFO - ✅ Schemas and audit tables ready
2025-08-24 14:31:52,308 - ERROR - ❌ Error loading bronze.drivers: (psycopg2.OperationalError) could not translate host name "123@localhost" to address: Name or service not known

(Background on this error at: https://sqlalche.me/e/20/e3q8)
2025-08-24 14:31:52,310 - ERROR - ❌ Error loading bronze.vehicles: (psycopg2.OperationalError) could not translate host name "123@localhost" to address: Name or service not known

(Background on this error at: https://sqlalche.me/e/20/e3q8)
2025-08-24 14:31:52,311 - ERROR - ❌ Error loading bronze.riders: (psycopg2.OperationalError) could not translate host name "123@localhost" to address: Name or service not known

(Background on this error at: https://sqlalche.me/e/20/e3q8)
2025-08-24 14:31:52,312 - ERROR - ❌ Error loading bronze.trips: (psycopg2.OperationalError) could not translate host name "123@localhost" to address: Name or service not known

(Background on this error at: https://sqlalche.me/e/20/e3q8)
2025-08-24 14:31:52,314 - ERROR - ❌ Error loading bronze.payments: (psycopg2.OperationalError) could not translate host name "123@localhost" to address: Name or service not known

(Background on this error at: https://sqlalche.me/e/20/e3q8)
2025-08-24 14:31:52,314 - INFO - 🚖 Drivers cleaned: 0 rows
2025-08-24 14:31:52,314 - INFO - 🚗 Vehicles cleaned: 0 rows
2025-08-24 14:31:52,315 - INFO - 🧍 Riders cleaned: 0 rows
2025-08-24 14:31:52,315 - INFO - 🛺 Trips cleaned: 0 rows
2025-08-24 14:31:52,315 - INFO - 💳 Payments cleaned: 0 rows
2025-08-24 14:31:52,315 - INFO - Validating drivers...
2025-08-24 14:31:52,315 - WARNING - ⚠️ No valid rows to write for drivers
2025-08-24 14:31:52,349 - INFO - Validating vehicles...
2025-08-24 14:31:52,349 - WARNING - ⚠️ No valid rows to write for vehicles
2025-08-24 14:31:52,384 - INFO - Validating riders...
2025-08-24 14:31:52,385 - WARNING - ⚠️ No valid rows to write for riders
2025-08-24 14:31:52,424 - INFO - Validating trips...
2025-08-24 14:31:52,424 - WARNING - ⚠️ No valid rows to write for trips
2025-08-24 14:31:52,448 - INFO - Validating payments...
2025-08-24 14:31:52,449 - WARNING - ⚠️ No valid rows to write for payments
2025-08-24 14:31:52,471 - INFO - Running Data Quality checks...
2025-08-24 14:31:52,522 - INFO - ✅ drivers.pk_unique: PASSED
2025-08-24 14:31:52,721 - WARNING - ❌ drivers.email_unique: 41030 bad rows
2025-08-24 14:31:52,740 - INFO - ✅ vehicles.pk_unique: PASSED
2025-08-24 14:31:52,788 - INFO - ✅ vehicles.fk_driver: PASSED
2025-08-24 14:31:52,814 - INFO - ✅ riders.pk_unique: PASSED
2025-08-24 14:31:53,059 - WARNING - ❌ riders.email_unique: 66001 bad rows
2025-08-24 14:31:53,073 - INFO - ✅ trips.pk_unique: PASSED
2025-08-24 14:31:53,129 - INFO - ✅ trips.fk_rider: PASSED
2025-08-24 14:31:53,167 - INFO - ✅ trips.fk_driver: PASSED
2025-08-24 14:31:53,233 - INFO - ✅ trips.fk_vehicle: PASSED
2025-08-24 14:31:53,481 - INFO - ✅ payments.pk_unique: PASSED
2025-08-24 14:31:53,525 - INFO - ✅ payments.fk_trip: PASSED
2025-08-24 14:31:53,547 - WARNING - ⚠️ Some DQ checks failed — see audit.dq_results
2025-08-24 14:31:53,547 - INFO - ============================================================
2025-08-24 14:31:53,547 - INFO - 📊 SILVER LAYER PROCESSING SUMMARY
2025-08-24 14:31:53,547 - INFO - ============================================================
2025-08-24 14:31:53,547 - INFO -   drivers   :        0 →        0 valid,      0 rejected
2025-08-24 14:31:53,547 - INFO -   vehicles  :        0 →        0 valid,      0 rejected
2025-08-24 14:31:53,547 - INFO -   riders    :        0 →        0 valid,      0 rejected
2025-08-24 14:31:53,547 - INFO -   trips     :        0 →        0 valid,      0 rejected
2025-08-24 14:31:53,547 - INFO -   payments  :        0 →        0 valid,      0 rejected
2025-08-24 14:31:53,547 - INFO - ------------------------------------------------------------
2025-08-24 14:31:53,548 - INFO -   TOTAL     :        0 →        0 valid,      0 rejected
2025-08-24 14:31:53,548 - INFO -   Run ID: 20250824_143152
2025-08-24 14:31:53,548 - INFO - ============================================================
2025-08-24 14:31:53,548 - INFO - 🎉 Silver build completed
