2025-08-23 23:15:25,155 - INFO - 🥉 MEDALLION BRONZE LAYER - DATA LOADER
2025-08-23 23:15:25,155 - INFO - 🚀 Starting Bronze Data Pipeline
2025-08-23 23:15:25,761 - ERROR - Error fetching data from Google Sheets (drivers!A:I): [SSL: CERTIFICATE_VERIFY_FAILED] certificate verify failed: self-signed certificate in certificate chain (_ssl.c:1007)
2025-08-23 23:15:25,765 - WARNING - No drivers data to load
2025-08-23 23:15:26,217 - ERROR - Error fetching data from Google Sheets (vehicles!A:J): [SSL: CERTIFICATE_VERIFY_FAILED] certificate verify failed: self-signed certificate in certificate chain (_ssl.c:1007)
2025-08-23 23:15:26,219 - WARNING - No vehicles data to load
2025-08-23 23:15:26,671 - ERROR - Error fetching data from Google Sheets (riders!A:H): [SSL: CERTIFICATE_VERIFY_FAILED] certificate verify failed: self-signed certificate in certificate chain (_ssl.c:1007)
2025-08-23 23:15:26,673 - WARNING - No riders data to load
2025-08-23 23:15:27,125 - ERROR - Error fetching data from Google Sheets (trips!A:R): [SSL: CERTIFICATE_VERIFY_FAILED] certificate verify failed: self-signed certificate in certificate chain (_ssl.c:1007)
2025-08-23 23:15:27,127 - WARNING - No trips data to load
2025-08-23 23:15:27,552 - ERROR - Error fetching data from Google Sheets (payments!A:H): [SSL: CERTIFICATE_VERIFY_FAILED] certificate verify failed: self-signed certificate in certificate chain (_ssl.c:1007)
2025-08-23 23:15:27,554 - WARNING - No payments data to load
2025-08-23 23:15:27,555 - INFO - 
📊 BRONZE LAYER SUMMARY
2025-08-23 23:15:27,555 - INFO - drivers   : ❌
2025-08-23 23:15:27,555 - INFO - vehicles  : ❌
2025-08-23 23:15:27,555 - INFO - riders    : ❌
2025-08-23 23:15:27,556 - INFO - trips     : ❌
2025-08-23 23:15:27,556 - INFO - payments  : ❌
2025-08-23 23:15:27,556 - INFO - 🎉 Bronze load completed
2025-08-23 23:17:38,725 - INFO - 🥉 MEDALLION BRONZE LAYER - DATA LOADER
2025-08-23 23:17:38,725 - INFO - 🚀 Starting Bronze Data Pipeline
2025-08-23 23:17:39,302 - ERROR - Error fetching data from Google Sheets (drivers!A:I): [SSL: CERTIFICATE_VERIFY_FAILED] certificate verify failed: self-signed certificate in certificate chain (_ssl.c:1007)
2025-08-23 23:17:39,306 - WARNING - No drivers data to load
2025-08-23 23:17:39,761 - ERROR - Error fetching data from Google Sheets (vehicles!A:J): [SSL: CERTIFICATE_VERIFY_FAILED] certificate verify failed: self-signed certificate in certificate chain (_ssl.c:1007)
2025-08-23 23:17:39,763 - WARNING - No vehicles data to load
2025-08-23 23:17:40,224 - ERROR - Error fetching data from Google Sheets (riders!A:H): [SSL: CERTIFICATE_VERIFY_FAILED] certificate verify failed: self-signed certificate in certificate chain (_ssl.c:1007)
2025-08-23 23:17:40,226 - WARNING - No riders data to load
2025-08-23 23:17:40,690 - ERROR - Error fetching data from Google Sheets (trips!A:R): [SSL: CERTIFICATE_VERIFY_FAILED] certificate verify failed: self-signed certificate in certificate chain (_ssl.c:1007)
2025-08-23 23:17:40,692 - WARNING - No trips data to load
2025-08-23 23:17:41,134 - ERROR - Error fetching data from Google Sheets (payments!A:H): [SSL: CERTIFICATE_VERIFY_FAILED] certificate verify failed: self-signed certificate in certificate chain (_ssl.c:1007)
2025-08-23 23:17:41,135 - WARNING - No payments data to load
2025-08-23 23:17:41,136 - INFO - 
📊 BRONZE LAYER SUMMARY
2025-08-23 23:17:41,136 - INFO - drivers   : ❌
2025-08-23 23:17:41,136 - INFO - vehicles  : ❌
2025-08-23 23:17:41,137 - INFO - riders    : ❌
2025-08-23 23:17:41,137 - INFO - trips     : ❌
2025-08-23 23:17:41,137 - INFO - payments  : ❌
2025-08-23 23:17:41,138 - INFO - 🎉 Bronze load completed
